2025-02-27 14:20:23 - ==========================================
2025-02-27 14:20:23 - ETL Pipeline Session Started
2025-02-27 14:20:23 - Session Directory: logs/session_20250227_142023
2025-02-27 14:20:23 - ==========================================
2025-02-27 14:20:23 - Step 1: Data Ingestion Initiated
2025-02-27 14:20:23 - ------------------------------------------
bash: scripts/ingest.sh: No such file or directory
2025-02-27 14:20:23 - ERROR: Data Ingestion Encountered Issues.
2025-02-27 14:20:23 - ------------------------------------------
2025-02-27 14:20:23 - Step 2: Data Transformation Initiated
2025-02-27 14:20:23 - ------------------------------------------
bash: scripts/transform.sh: No such file or directory
2025-02-27 14:20:23 - ERROR: Data Transformation Encountered Issues.
2025-02-27 14:20:23 - ------------------------------------------
2025-02-27 14:20:23 - Step 3: Data Upload Initiated
2025-02-27 14:20:23 - ------------------------------------------
bash: scripts/upload.sh: No such file or directory
2025-02-27 14:20:23 - ERROR: Data Upload Encountered Issues.
2025-02-27 14:20:23 - ------------------------------------------
2025-02-27 14:20:23 - ==========================================
2025-02-27 14:20:24 - ETL Pipeline Session Ended
2025-02-27 14:20:24 - ==========================================
